<?xml version="1.0" encoding="UTF-8"?>
<!-- Generated by org.testng.reporters.JUnitReportReporter -->
<testsuite hostname="5CG14212VY" failures="0" tests="3" name="TestNGDemo.FirstTestDemo" time="41.614" errors="0" timestamp="2024-04-05T16:59:12 IST" skipped="0">
  <testcase classname="TestNGDemo.FirstTestDemo" name="test" time="0.022"/>
  <system-out/>
  <testcase classname="TestNGDemo.FirstTestDemo" name="testGoogle" time="12.496"/>
  <system-out/>
  <testcase classname="TestNGDemo.FirstTestDemo" name="testFacebook" time="29.096"/>
  <system-out/>
</testsuite> <!-- TestNGDemo.FirstTestDemo -->
