<?xml version="1.0" encoding="UTF-8"?>
<!-- Generated by org.testng.reporters.JUnitReportReporter -->
<testsuite hostname="5CG14212VY" failures="0" tests="2" name="Redcross.SAFAgent21TestFramework.TestNGParameterDemo" time="26.718" errors="0" timestamp="2024-04-05T22:16:32 IST" skipped="0">
  <testcase classname="Redcross.SAFAgent21TestFramework.TestNGParameterDemo" name="VerifyLogin1" time="7.480"/>
  <system-out/>
  <testcase classname="Redcross.SAFAgent21TestFramework.TestNGParameterDemo" name="VerifyLogin" time="19.238"/>
  <system-out/>
</testsuite> <!-- Redcross.SAFAgent21TestFramework.TestNGParameterDemo -->
