<?xml version="1.0" encoding="UTF-8"?>
<!-- Generated by org.testng.reporters.JUnitReportReporter -->
<testsuite hostname="5CG14212VY" failures="0" tests="2" name="Redcross.SAFAgent21TestFramework.LoginTest" time="0.006" errors="0" timestamp="2024-03-13T11:49:29 IST" skipped="0">
  <testcase classname="Redcross.SAFAgent21TestFramework.LoginTest" name="blogitest" time="0.005"/>
  <system-out/>
  <testcase classname="Redcross.SAFAgent21TestFramework.LoginTest" name="alogout" time="0.001"/>
  <system-out/>
</testsuite> <!-- Redcross.SAFAgent21TestFramework.LoginTest -->
