<?xml version="1.0" encoding="UTF-8"?>
<!-- Generated by org.testng.reporters.JUnitReportReporter -->
<testsuite hostname="5CG14212VY" failures="0" tests="2" name="Redcross.SAFAgent21TestFramework.ParameterDemo" time="0.008" errors="0" timestamp="2024-03-13T14:00:47 IST" skipped="0">
  <testcase classname="Redcross.SAFAgent21TestFramework.ParameterDemo" name="Sum" time="0.001"/>
  <system-out/>
  <testcase classname="Redcross.SAFAgent21TestFramework.ParameterDemo" name="Diff" time="0.007"/>
  <system-out/>
</testsuite> <!-- Redcross.SAFAgent21TestFramework.ParameterDemo -->
