<?xml version="1.0" encoding="UTF-8"?>
<!-- Generated by org.testng.reporters.JUnitReportReporter -->
<testsuite hostname="5CG14212VY" failures="0" tests="2" name="Redcross.SAFAgent21TestFramework.DataProviderDemo" time="15.482" errors="0" timestamp="2024-03-21T18:20:48 IST" skipped="0">
  <testcase classname="Redcross.SAFAgent21TestFramework.DataProviderDemo" name="verifyLogin" time="8.877"/>
  <system-out/>
  <testcase classname="Redcross.SAFAgent21TestFramework.DataProviderDemo" name="verifyLogin" time="6.605"/>
  <system-out/>
</testsuite> <!-- Redcross.SAFAgent21TestFramework.DataProviderDemo -->
