<?xml version="1.0" encoding="UTF-8"?>
<!-- Generated by org.testng.reporters.JUnitReportReporter -->
<testsuite hostname="5CG14212VY" failures="0" tests="8" name="Redcross.SAFAgent21TestFramework.DataProviderDemoTest" time="0.015" errors="0" timestamp="2024-03-13T10:23:52 IST" skipped="0">
  <testcase classname="Redcross.SAFAgent21TestFramework.DataProviderDemoTest" name="testMethod2" time="0.003"/>
  <system-out/>
  <testcase classname="Redcross.SAFAgent21TestFramework.DataProviderDemoTest" name="testMethod1" time="0.006"/>
  <system-out/>
  <testcase classname="Redcross.SAFAgent21TestFramework.DataProviderDemoTest" name="testMethod2" time="0.001"/>
  <system-out/>
  <testcase classname="Redcross.SAFAgent21TestFramework.DataProviderDemoTest" name="testMethod2" time="0.001"/>
  <system-out/>
  <testcase classname="Redcross.SAFAgent21TestFramework.DataProviderDemoTest" name="testMethod1" time="0.001"/>
  <system-out/>
  <testcase classname="Redcross.SAFAgent21TestFramework.DataProviderDemoTest" name="testMethod1" time="0.001"/>
  <system-out/>
  <testcase classname="Redcross.SAFAgent21TestFramework.DataProviderDemoTest" name="testMethod1" time="0.001"/>
  <system-out/>
  <testcase classname="Redcross.SAFAgent21TestFramework.DataProviderDemoTest" name="testMethod2" time="0.001"/>
  <system-out/>
</testsuite> <!-- Redcross.SAFAgent21TestFramework.DataProviderDemoTest -->
