<?xml version="1.0" encoding="UTF-8"?>
<!-- Generated by org.testng.reporters.JUnitReportReporter -->
<testsuite hostname="5CG14212VY" failures="0" tests="2" name="Redcross.SAFAgent21TestFramework.DProvider" time="0.012" errors="0" timestamp="2024-03-12T22:26:17 IST" skipped="0">
  <testcase classname="Redcross.SAFAgent21TestFramework.DProvider" name="myTest" time="0.001"/>
  <system-out/>
  <testcase classname="Redcross.SAFAgent21TestFramework.DProvider" name="myTest" time="0.011"/>
  <system-out/>
</testsuite> <!-- Redcross.SAFAgent21TestFramework.DProvider -->
