<?xml version="1.0" encoding="UTF-8"?>
<!-- Generated by org.testng.reporters.JUnitReportReporter -->
<testsuite hostname="5CG14212VY" failures="0" tests="2" name="Redcross.SAFAgent21TestFramework.GroupDemoTest" time="0.010" errors="0" timestamp="2024-03-12T23:01:27 IST" skipped="0">
  <testcase classname="Redcross.SAFAgent21TestFramework.GroupDemoTest" name="test1" time="0.008"/>
  <system-out/>
  <testcase classname="Redcross.SAFAgent21TestFramework.GroupDemoTest" name="test4" time="0.002"/>
  <system-out/>
</testsuite> <!-- Redcross.SAFAgent21TestFramework.GroupDemoTest -->
