<?xml version="1.0" encoding="UTF-8"?>
<!-- Generated by org.testng.reporters.JUnitReportReporter -->
<testsuite hostname="5CG14212VY" failures="0" tests="6" name="TestCases.LoginPageTest" time="39.784" errors="0" timestamp="2024-04-07T17:12:37 IST" skipped="0">
  <testcase classname="TestCases.LoginPageTest" name="loginPageTitleTest" time="4.452"/>
  <system-out/>
  <testcase classname="TestCases.LoginPageTest" name="safAgentLogoTest" time="4.512"/>
  <system-out/>
  <testcase classname="TestCases.LoginPageTest" name="forgotPasswordLinkTest" time="3.878"/>
  <system-out/>
  <testcase classname="TestCases.LoginPageTest" name="loginTest" time="10.672"/>
  <system-out/>
  <testcase classname="TestCases.LoginPageTest" name="loginEmptyCredentialsTest" time="8.757"/>
  <system-out/>
  <testcase classname="TestCases.LoginPageTest" name="loginInvalidCredentialsTest" time="7.513"/>
  <system-out/>
</testsuite> <!-- TestCases.LoginPageTest -->
