<?xml version="1.0" encoding="UTF-8"?>
<!-- Generated by org.testng.reporters.JUnitReportReporter -->
<testsuite hostname="5CG14212VY" failures="0" tests="1" name="Redcross.SAFAgent21TestFramework.ScreenshotDemo" time="24.922" errors="0" timestamp="2024-03-18T08:44:13 IST" skipped="0">
  <testcase classname="Redcross.SAFAgent21TestFramework.ScreenshotDemo" name="takeScreenshotDemoTest" time="24.922"/>
  <system-out/>
</testsuite> <!-- Redcross.SAFAgent21TestFramework.ScreenshotDemo -->
